<?xml version="1.0" encoding="UTF-8"?>
<testsuite name="Tests" tests="4" skipped="0" failures="0" errors="0" timestamp="2021-06-12T03:26:51" hostname="Aleksandras-MacBook-Air.local" time="0.006">
  <properties/>
  <testcase name="testAdultPatient" classname="Tests" time="0.004"/>
  <testcase name="testArrayOfPeople" classname="Tests" time="0.001"/>
  <testcase name="testTempSetters" classname="Tests" time="0.0"/>
  <testcase name="testEmployableSettersGetters" classname="Tests" time="0.001"/>
  <system-out><![CDATA[]]></system-out>
  <system-err><![CDATA[]]></system-err>
</testsuite>
